{"C:\\Users\\lenovo\\Desktop\\Testler\\Testler\\utils\\validateUserInput.js": {"path":"C:\\Users\\lenovo\\Desktop\\Testler\\Testler\\utils\\validateUserInput.js","statementMap":{"0":{"start":{"line":2,"column":26},"end":{"line":8,"column":1}},"1":{"start":{"line":4,"column":2},"end":{"line":7,"column":4}},"2":{"start":{"line":10,"column":0},"end":{"line":10,"column":35}}},"fnMap":{"0":{"name":"(anonymous_0)","decl":{"start":{"line":2,"column":26},"end":{"line":2,"column":27}},"loc":{"start":{"line":2,"column":40},"end":{"line":8,"column":1}},"line":2}},"branchMap":{},"s":{"0":1,"1":12,"2":1},"f":{"0":12},"b":{},"_coverageSchema":"1a1c01bbd47fc00a2c39e90264f33305004495a9","hash":"4172eb1bb27e74c13e11b4232fc638a8e117550e"}
}
